<?xml version="1.0" encoding="UTF-8"?>
<!-- Generated by org.testng.reporters.JUnitReportReporter -->
<testsuite hostname="lin81002596" failures="0" tests="1" name="Test.LoginTest" time="19.834" errors="0" timestamp="2023-02-10T11:49:25 IST" skipped="0">
  <testcase classname="Test.LoginTest" name="Login" time="19.834"/>
  <system-out/>
</testsuite> <!-- Test.LoginTest -->
